<?xml version="1.0" encoding="UTF-8"?>
<!-- Generated by org.testng.reporters.JUnitReportReporter -->
<testsuite skipped="0" hostname="Spimpalkar-lap-0095" name="cucumberOptions.TestNgTestRunner" tests="1" failures="0" timestamp="2022-06-15T09:46:04 IST" time="0.156" errors="0">
  <testcase name="runScenario" time="0.156" classname="cucumberOptions.TestNgTestRunner"/>
  <system-out/>
</testsuite> <!-- cucumberOptions.TestNgTestRunner -->
