<?xml version="1.0" encoding="UTF-8"?>
<!-- Generated by org.testng.reporters.JUnitReportReporter -->
<testsuite skipped="0" hostname="Spimpalkar-lap-0095" name="org.example.AppTest" tests="1" failures="0" timestamp="2022-06-15T09:46:05 IST" time="0.000" errors="0">
  <testcase name="shouldAnswerWithTrue" time="0.000" classname="org.example.AppTest"/>
  <system-out/>
</testsuite> <!-- org.example.AppTest -->
